e:\dev\reddevilengine\project red devil engine\x64\debug\vc142.pdb
e:\dev\reddevilengine\project red devil engine\x64\debug\vc142.idb
e:\dev\reddevilengine\project red devil engine\x64\debug\window.obj
e:\dev\reddevilengine\project red devil engine\x64\debug\vertexshader.obj
e:\dev\reddevilengine\project red devil engine\x64\debug\vertexbuffer.obj
e:\dev\reddevilengine\project red devil engine\x64\debug\swapchain.obj
e:\dev\reddevilengine\project red devil engine\x64\debug\pixelshader.obj
e:\dev\reddevilengine\project red devil engine\x64\debug\main.obj
e:\dev\reddevilengine\project red devil engine\x64\debug\graphicsengine.obj
e:\dev\reddevilengine\project red devil engine\x64\debug\devicecontext.obj
e:\dev\reddevilengine\project red devil engine\x64\debug\appwindow.obj
e:\dev\reddevilengine\x64\debug\project red devil engine.ilk
e:\dev\reddevilengine\x64\debug\project red devil engine.exe
e:\dev\reddevilengine\x64\debug\project red devil engine.pdb
e:\dev\reddevilengine\project red devil engine\x64\debug\project red devil engine.res
e:\dev\reddevilengine\project red devil engine\x64\debug\project .0e395a30.tlog\cl.command.1.tlog
e:\dev\reddevilengine\project red devil engine\x64\debug\project .0e395a30.tlog\cl.read.1.tlog
e:\dev\reddevilengine\project red devil engine\x64\debug\project .0e395a30.tlog\cl.write.1.tlog
e:\dev\reddevilengine\project red devil engine\x64\debug\project .0e395a30.tlog\link.command.1.tlog
e:\dev\reddevilengine\project red devil engine\x64\debug\project .0e395a30.tlog\link.read.1.tlog
e:\dev\reddevilengine\project red devil engine\x64\debug\project .0e395a30.tlog\link.write.1.tlog
e:\dev\reddevilengine\project red devil engine\x64\debug\project .0e395a30.tlog\rc.command.1.tlog
e:\dev\reddevilengine\project red devil engine\x64\debug\project .0e395a30.tlog\rc.read.1.tlog
e:\dev\reddevilengine\project red devil engine\x64\debug\project .0e395a30.tlog\rc.write.1.tlog
